2025.02.23 23:55:02 INFO  tracing is disabled for protocol LSP, to enable tracing of incoming and outgoing JSON messages create an empty file at c:\Users\IAMLOCAL\source\epfl-progfun\scala-project\.metals\lsp.trace.json
2025.02.23 23:56:18 INFO  logging to files C:\Users\IAMLOCAL\source\epfl-progfun\scala-project\.metals\metals.log
2025.02.23 23:56:18 INFO  Started: Metals version 1.5.1 in folders 'C:\Users\IAMLOCAL\source\epfl-progfun\scala-project' for client Visual Studio Code 1.97.2.
Feb 23, 2025 11:56:23 PM org.eclipse.lsp4j.jsonrpc.services.GenericEndpoint notify
WARNING: Unsupported notification method: metals/windowStateDidChange
2025.02.23 23:56:23 INFO  running 'C:\Users\IAMLOCAL\AppData\Local\Coursier\cache\arc\https\github.com\AdoptOpenJDK\openjdk11-binaries\releases\download\jdk-11%252B28\OpenJDK11-jdk_x64_windows_hotspot_11_28.zip\jdk-11+28\bin\java.exe -Djline.terminal=jline.UnsupportedTerminal -Dsbt.log.noformat=true -Dfile.encoding=UTF-8 -jar C:\Users\IAMLOCAL\AppData\Local\Temp\metals16166966677358531969\sbt-launch.jar -Dbloop.export-jar-classifiers=sources bloopInstall'
Feb 23, 2025 11:56:25 PM org.eclipse.lsp4j.jsonrpc.services.GenericEndpoint notify
WARNING: Unsupported notification method: metals/windowStateDidChange
2025.02.23 23:56:26 INFO  [info] welcome to sbt 1.9.0 (Oracle Corporation Java 11)
2025.02.23 23:56:26 INFO  [info] loading settings for project scala-project-build-build from metals.sbt ...
2025.02.23 23:56:27 INFO  [info] loading project definition from C:\Users\IAMLOCAL\source\epfl-progfun\scala-project\project\project
Feb 23, 2025 11:56:57 PM org.eclipse.lsp4j.jsonrpc.services.GenericEndpoint notify
WARNING: Unsupported notification method: metals/windowStateDidChange
Feb 23, 2025 11:57:00 PM org.eclipse.lsp4j.jsonrpc.services.GenericEndpoint notify
WARNING: Unsupported notification method: metals/windowStateDidChange
2025.02.23 23:57:01 INFO  [info] loading settings for project scala-project-build from metals.sbt ...
2025.02.23 23:57:01 INFO  [info] loading project definition from C:\Users\IAMLOCAL\source\epfl-progfun\scala-project\project
Feb 23, 2025 11:57:05 PM org.eclipse.lsp4j.jsonrpc.services.GenericEndpoint notify
WARNING: Unsupported notification method: metals/windowStateDidChange
Feb 23, 2025 11:57:06 PM org.eclipse.lsp4j.jsonrpc.services.GenericEndpoint notify
WARNING: Unsupported notification method: metals/windowStateDidChange
Feb 23, 2025 11:57:06 PM org.eclipse.lsp4j.jsonrpc.services.GenericEndpoint notify
WARNING: Unsupported notification method: metals/windowStateDidChange
2025.02.23 23:57:09 INFO  no build target found for C:\Users\IAMLOCAL\source\epfl-progfun\scala-project\src\main\scala\example\example.worksheet.sc. Using presentation compiler with project's scala-library version: 3.3.4
2025.02.23 23:57:36 INFO  [success] Generated .bloop\scala-project-build.json
2025.02.23 23:57:36 INFO  [success] Total time: 35 s, completed Feb 23, 2025, 11:57:36 PM
2025.02.23 23:57:36 INFO  [info] loading settings for project scala-project from build.sbt ...
2025.02.23 23:57:36 INFO  [info] set current project to scala-project (in build file:/C:/Users/IAMLOCAL/source/epfl-progfun/scala-project/)
2025.02.23 23:57:37 INFO  [success] Generated .bloop\scala-project-test.json
2025.02.23 23:57:37 INFO  [success] Generated .bloop\scala-project.json
2025.02.23 23:57:37 INFO  [success] Total time: 1 s, completed Feb 23, 2025, 11:57:37 PM
2025.02.23 23:57:37 INFO  time: ran 'sbt bloopInstall' in 1m13s
2025.02.23 23:57:37 INFO  Attempting to connect to the build server...
2025.02.23 23:57:37 INFO  No running Bloop server found, starting one.
2025.02.23 23:57:39 WARN  thread interrupt: Evaluating Worksheet example.worksheet.sc
2025.02.23 23:57:39 INFO  time: evaluated worksheet 'example.worksheet.sc' in 30s
Feb 23, 2025 11:59:04 PM org.eclipse.lsp4j.jsonrpc.services.GenericEndpoint notify
WARNING: Unsupported notification method: metals/windowStateDidChange
Feb 23, 2025 11:59:04 PM org.eclipse.lsp4j.jsonrpc.services.GenericEndpoint notify
WARNING: Unsupported notification method: metals/windowStateDidChange
Feb 23, 2025 11:59:04 PM org.eclipse.lsp4j.jsonrpc.RemoteEndpoint handleCancellation
WARNING: Unmatched cancel notification for request id 3
Feb 23, 2025 11:59:04 PM org.eclipse.lsp4j.jsonrpc.RemoteEndpoint handleCancellation
WARNING: Unmatched cancel notification for request id 2
Feb 23, 2025 11:59:04 PM org.eclipse.lsp4j.jsonrpc.services.GenericEndpoint notify
WARNING: Unsupported notification method: metals/windowStateDidChange
Feb 23, 2025 11:59:04 PM org.eclipse.lsp4j.jsonrpc.services.GenericEndpoint notify
WARNING: Unsupported notification method: metals/windowStateDidChange
Feb 23, 2025 11:59:04 PM org.eclipse.lsp4j.jsonrpc.services.GenericEndpoint notify
INFO: Unsupported notification method: $/setTrace
Feb 23, 2025 11:59:04 PM org.eclipse.lsp4j.jsonrpc.RemoteEndpoint handleCancellation
WARNING: Unmatched cancel notification for request id 4
2025.02.23 23:59:04 INFO  no build target found for C:\Users\IAMLOCAL\source\epfl-progfun\scala-project\src\main\scala\example\example.worksheet.sc. Using presentation compiler with project's scala-library version: 3.3.4
2025.02.23 23:59:04 INFO  no build target found for C:\Users\IAMLOCAL\source\epfl-progfun\scala-project\src\main\scala\example\example.worksheet.sc. Using presentation compiler with project's scala-library version: 3.3.4
Feb 23, 2025 11:59:04 PM org.eclipse.lsp4j.jsonrpc.services.GenericEndpoint notify
WARNING: Unsupported notification method: metals/windowStateDidChange
Feb 23, 2025 11:59:04 PM org.eclipse.lsp4j.jsonrpc.services.GenericEndpoint notify
WARNING: Unsupported notification method: metals/windowStateDidChange
Feb 23, 2025 11:59:04 PM org.eclipse.lsp4j.jsonrpc.RemoteEndpoint handleCancellation
WARNING: Unmatched cancel notification for request id 13
Feb 23, 2025 11:59:04 PM org.eclipse.lsp4j.jsonrpc.RemoteEndpoint handleCancellation
WARNING: Unmatched cancel notification for request id 11
2025.02.23 23:59:04 INFO  no build target found for C:\Users\IAMLOCAL\source\epfl-progfun\scala-project\src\main\scala\example\example.worksheet.sc. Using presentation compiler with project's scala-library version: 3.3.4
2025.02.23 23:59:04 INFO  no build target found for C:\Users\IAMLOCAL\source\epfl-progfun\scala-project\src\main\scala\example\example.worksheet.sc. Using presentation compiler with project's scala-library version: 3.3.4
2025.02.23 23:59:04 INFO  Shutting down server
2025.02.23 23:59:04 INFO  shutting down Metals
Feb 23, 2025 11:59:04 PM org.eclipse.lsp4j.jsonrpc.services.GenericEndpoint notify
WARNING: Unsupported notification method: metals/windowStateDidChange
Feb 23, 2025 11:59:04 PM org.eclipse.lsp4j.jsonrpc.services.GenericEndpoint notify
WARNING: Unsupported notification method: metals/windowStateDidChange
2025.02.23 23:59:04 INFO  no build target found for C:\Users\IAMLOCAL\source\epfl-progfun\scala-project\src\main\scala\example\example.worksheet.sc. Using presentation compiler with project's scala-library version: 3.3.4
2025.02.23 23:59:04 INFO  no build target found for C:\Users\IAMLOCAL\source\epfl-progfun\scala-project\src\main\scala\example\example.worksheet.sc. Using presentation compiler with project's scala-library version: 3.3.4
Feb 23, 2025 11:59:04 PM org.eclipse.lsp4j.jsonrpc.services.GenericEndpoint notify
WARNING: Unsupported notification method: metals/windowStateDidChange
Feb 23, 2025 11:59:04 PM org.eclipse.lsp4j.jsonrpc.services.GenericEndpoint notify
WARNING: Unsupported notification method: metals/windowStateDidChange
2025.02.23 23:59:04 INFO  no build target found for C:\Users\IAMLOCAL\source\epfl-progfun\scala-project\src\main\scala\example\example.worksheet.sc. Using presentation compiler with project's scala-library version: 3.3.4
Feb 23, 2025 11:59:04 PM org.eclipse.lsp4j.jsonrpc.RemoteEndpoint handleCancellation
WARNING: Unmatched cancel notification for request id 29
Feb 23, 2025 11:59:04 PM org.eclipse.lsp4j.jsonrpc.RemoteEndpoint handleCancellation
WARNING: Unmatched cancel notification for request id 35
Feb 23, 2025 11:59:04 PM org.eclipse.lsp4j.jsonrpc.RemoteEndpoint handleCancellation
WARNING: Unmatched cancel notification for request id 27
2025.02.23 23:59:04 INFO  no build target found for C:\Users\IAMLOCAL\source\epfl-progfun\scala-project\src\main\scala\example\example.worksheet.sc. Using presentation compiler with project's scala-library version: 3.3.4
2025.02.23 23:59:04 INFO  no build target found for C:\Users\IAMLOCAL\source\epfl-progfun\scala-project\build.sbt. Using presentation compiler with project's scala-library version: 3.3.4
Feb 23, 2025 11:59:04 PM org.eclipse.lsp4j.jsonrpc.RemoteEndpoint handleCancellation
WARNING: Unmatched cancel notification for request id 39
Feb 23, 2025 11:59:04 PM org.eclipse.lsp4j.jsonrpc.RemoteEndpoint handleCancellation
WARNING: Unmatched cancel notification for request id 40
Feb 23, 2025 11:59:04 PM org.eclipse.lsp4j.jsonrpc.RemoteEndpoint handleCancellation
WARNING: Unmatched cancel notification for request id 38
2025.02.23 23:59:04 INFO  no build target found for C:\Users\IAMLOCAL\source\epfl-progfun\scala-project\build.sbt. Using presentation compiler with project's scala-library version: 3.3.4
2025.02.23 23:59:04 INFO  no build target found for C:\Users\IAMLOCAL\source\epfl-progfun\scala-project\src\main\scala\example\example.worksheet.sc. Using presentation compiler with project's scala-library version: 3.3.4
2025.02.23 23:59:04 INFO  no build target found for C:\Users\IAMLOCAL\source\epfl-progfun\scala-project\src\main\scala\example\example.worksheet.sc. Using presentation compiler with project's scala-library version: 3.3.4
2025.02.23 23:59:04 INFO  no build target found for C:\Users\IAMLOCAL\source\epfl-progfun\scala-project\src\main\scala\example\example.worksheet.sc. Using presentation compiler with project's scala-library version: 3.3.4
2025.02.23 23:59:04 INFO  no build target found for C:\Users\IAMLOCAL\source\epfl-progfun\scala-project\src\main\scala\example\example.worksheet.sc. Using presentation compiler with project's scala-library version: 3.3.4
Feb 23, 2025 11:59:04 PM org.eclipse.lsp4j.jsonrpc.RemoteEndpoint handleCancellation
WARNING: Unmatched cancel notification for request id 43
2025.02.23 23:59:04 INFO  no build target found for C:\Users\IAMLOCAL\source\epfl-progfun\scala-project\src\main\scala\example\example.worksheet.sc. Using presentation compiler with project's scala-library version: 3.3.4
Feb 23, 2025 11:59:04 PM org.eclipse.lsp4j.jsonrpc.RemoteEndpoint handleCancellation
WARNING: Unmatched cancel notification for request id 49
Feb 23, 2025 11:59:04 PM org.eclipse.lsp4j.jsonrpc.services.GenericEndpoint notify
WARNING: Unsupported notification method: metals/windowStateDidChange
2025.02.23 23:59:04 INFO  Exiting server
2025.02.23 23:59:05 INFO  tracing is disabled for protocol LSP, to enable tracing of incoming and outgoing JSON messages create an empty file at c:\Users\IAMLOCAL\source\epfl-progfun\scala-project\.metals\lsp.trace.json
2025.02.23 23:59:06 INFO  logging to files C:\Users\IAMLOCAL\source\epfl-progfun\scala-project\.metals\metals.log
2025.02.23 23:59:06 INFO  Started: Metals version 1.5.1 in folders 'C:\Users\IAMLOCAL\source\epfl-progfun\scala-project' for client Visual Studio Code 1.97.2.
2025.02.23 23:59:07 INFO  Attempting to connect to the build server...
2025.02.23 23:59:07 INFO  No running Bloop server found, starting one.
Feb 23, 2025 11:59:08 PM org.eclipse.lsp4j.jsonrpc.services.GenericEndpoint notify
WARNING: Unsupported notification method: metals/windowStateDidChange
2025.02.23 23:59:09 INFO  Shutting down server
2025.02.23 23:59:09 INFO  shutting down Metals
2025.02.23 23:59:09 INFO  time: evaluated worksheet 'example.worksheet.sc' in 2.51s
2025.02.23 23:59:09 INFO  Exiting server
2025.02.23 23:59:19 INFO  tracing is disabled for protocol LSP, to enable tracing of incoming and outgoing JSON messages create an empty file at c:\Users\IAMLOCAL\source\epfl-progfun\scala-project\.metals\lsp.trace.json
2025.02.23 23:59:20 INFO  logging to files C:\Users\IAMLOCAL\source\epfl-progfun\scala-project\.metals\metals.log
2025.02.23 23:59:20 INFO  Started: Metals version 1.5.1 in folders 'C:\Users\IAMLOCAL\source\epfl-progfun\scala-project' for client Visual Studio Code 1.97.2.
2025.02.23 23:59:21 INFO  Attempting to connect to the build server...
2025.02.23 23:59:21 INFO  No running Bloop server found, starting one.
Feb 23, 2025 11:59:22 PM org.eclipse.lsp4j.jsonrpc.services.GenericEndpoint notify
INFO: Unsupported notification method: $/setTrace
Feb 23, 2025 11:59:31 PM org.eclipse.lsp4j.jsonrpc.services.GenericEndpoint notify
WARNING: Unsupported notification method: metals/windowStateDidChange
2025.02.23 23:59:51 WARN  thread interrupt: Evaluating Worksheet example.worksheet.sc
2025.02.23 23:59:51 INFO  time: evaluated worksheet 'example.worksheet.sc' in 30s
Feb 24, 2025 12:00:07 AM org.eclipse.lsp4j.jsonrpc.services.GenericEndpoint notify
WARNING: Unsupported notification method: metals/windowStateDidChange
2025.02.24 00:00:16 WARN  no build target for: C:\Users\IAMLOCAL\source\epfl-progfun\scala-project\src\main\scala\example\example.worksheet.sc
Feb 24, 2025 12:00:24 AM org.eclipse.lsp4j.jsonrpc.services.GenericEndpoint notify
WARNING: Unsupported notification method: metals/windowStateDidChange
Feb 24, 2025 12:00:25 AM org.eclipse.lsp4j.jsonrpc.services.GenericEndpoint notify
WARNING: Unsupported notification method: metals/windowStateDidChange
Feb 24, 2025 12:00:25 AM org.eclipse.lsp4j.jsonrpc.services.GenericEndpoint notify
WARNING: Unsupported notification method: metals/windowStateDidChange
Feb 24, 2025 12:00:41 AM org.eclipse.lsp4j.jsonrpc.services.GenericEndpoint notify
WARNING: Unsupported notification method: metals/windowStateDidChange
Feb 24, 2025 12:00:41 AM org.eclipse.lsp4j.jsonrpc.services.GenericEndpoint notify
WARNING: Unsupported notification method: metals/windowStateDidChange
2025.02.24 00:00:46 WARN  thread interrupt: Evaluating Worksheet example.worksheet.sc
2025.02.24 00:00:46 INFO  time: evaluated worksheet 'example.worksheet.sc' in 30s
Feb 24, 2025 12:00:46 AM org.eclipse.lsp4j.jsonrpc.services.GenericEndpoint notify
WARNING: Unsupported notification method: metals/windowStateDidChange
Feb 24, 2025 12:00:53 AM org.eclipse.lsp4j.jsonrpc.services.GenericEndpoint notify
WARNING: Unsupported notification method: metals/windowStateDidChange
Feb 24, 2025 12:00:54 AM org.eclipse.lsp4j.jsonrpc.services.GenericEndpoint notify
WARNING: Unsupported notification method: metals/windowStateDidChange
Feb 24, 2025 12:00:56 AM org.eclipse.lsp4j.jsonrpc.services.GenericEndpoint notify
WARNING: Unsupported notification method: metals/windowStateDidChange
Feb 24, 2025 12:00:57 AM org.eclipse.lsp4j.jsonrpc.services.GenericEndpoint notify
WARNING: Unsupported notification method: metals/windowStateDidChange
Feb 24, 2025 12:00:59 AM org.eclipse.lsp4j.jsonrpc.services.GenericEndpoint notify
INFO: Unsupported notification method: $/setTrace
Feb 24, 2025 12:01:01 AM org.eclipse.lsp4j.jsonrpc.services.GenericEndpoint notify
WARNING: Unsupported notification method: metals/windowStateDidChange
Feb 24, 2025 12:01:02 AM org.eclipse.lsp4j.jsonrpc.services.GenericEndpoint notify
WARNING: Unsupported notification method: metals/windowStateDidChange
Feb 24, 2025 12:01:06 AM org.eclipse.lsp4j.jsonrpc.services.GenericEndpoint notify
WARNING: Unsupported notification method: metals/windowStateDidChange
Feb 24, 2025 12:01:06 AM org.eclipse.lsp4j.jsonrpc.services.GenericEndpoint notify
INFO: Unsupported notification method: $/setTrace
Feb 24, 2025 12:01:06 AM org.eclipse.lsp4j.jsonrpc.services.GenericEndpoint notify
WARNING: Unsupported notification method: metals/windowStateDidChange
Feb 24, 2025 12:01:09 AM org.eclipse.lsp4j.jsonrpc.services.GenericEndpoint notify
WARNING: Unsupported notification method: metals/windowStateDidChange
Feb 24, 2025 12:01:10 AM org.eclipse.lsp4j.jsonrpc.services.GenericEndpoint notify
INFO: Unsupported notification method: $/setTrace
Feb 24, 2025 12:01:10 AM org.eclipse.lsp4j.jsonrpc.services.GenericEndpoint notify
WARNING: Unsupported notification method: metals/windowStateDidChange
Feb 24, 2025 12:01:11 AM org.eclipse.lsp4j.jsonrpc.services.GenericEndpoint notify
WARNING: Unsupported notification method: metals/windowStateDidChange
Feb 24, 2025 12:01:12 AM org.eclipse.lsp4j.jsonrpc.services.GenericEndpoint notify
WARNING: Unsupported notification method: metals/windowStateDidChange
Feb 24, 2025 12:01:14 AM org.eclipse.lsp4j.jsonrpc.services.GenericEndpoint notify
INFO: Unsupported notification method: $/setTrace
2025.02.24 00:01:14 INFO  Shutting down server
2025.02.24 00:01:14 INFO  shutting down Metals
2025.02.24 00:01:14 INFO  Exiting server
2025.02.24 00:01:17 INFO  tracing is disabled for protocol LSP, to enable tracing of incoming and outgoing JSON messages create an empty file at c:\Users\IAMLOCAL\source\epfl-progfun\scala-project\.metals\lsp.trace.json
2025.02.24 00:01:18 INFO  logging to files C:\Users\IAMLOCAL\source\epfl-progfun\scala-project\.metals\metals.log
2025.02.24 00:01:18 INFO  Started: Metals version 1.5.1 in folders 'C:\Users\IAMLOCAL\source\epfl-progfun\scala-project' for client Visual Studio Code 1.97.2.
Feb 24, 2025 12:01:19 AM org.eclipse.lsp4j.jsonrpc.services.GenericEndpoint notify
INFO: Unsupported notification method: $/setTrace
2025.02.24 00:01:20 INFO  Attempting to connect to the build server...
2025.02.24 00:01:20 INFO  No running Bloop server found, starting one.
2025.02.24 00:01:31 INFO  Starting compilation server
2025.02.24 00:01:32 INFO  no build target found for C:\Users\IAMLOCAL\source\epfl-progfun\scala-project\src\main\scala\example\example.worksheet.sc. Using presentation compiler with project's scala-library version: 3.3.4
2025.02.24 00:01:32 INFO  tracing is disabled for protocol BSP, to enable tracing of incoming and outgoing JSON messages create an empty file at C:\Users\IAMLOCAL\source\epfl-progfun\scala-project\.metals\bsp.trace.json
2025.02.24 00:01:33 INFO  Attempting to connect to the build server...
2025.02.24 00:01:33 INFO  Found a Bloop server running
Feb 24, 2025 12:01:33 AM org.eclipse.lsp4j.jsonrpc.RemoteEndpoint handleCancellation
WARNING: Unmatched cancel notification for request id 2
2025.02.24 00:01:33 INFO  tracing is disabled for protocol BSP, to enable tracing of incoming and outgoing JSON messages create an empty file at C:\Users\IAMLOCAL\source\epfl-progfun\scala-project\project\.metals\bsp.trace.json
2025.02.24 00:01:36 INFO  time: evaluated worksheet 'example.worksheet.sc' in 2.63s
2025.02.24 00:01:53 ERROR Timeout waiting for 'build/initialize' response
2025.02.24 00:01:53 WARN  Retrying connection to the build server Bloop
2025.02.24 00:01:53 INFO  Found a Bloop server running
2025.02.24 00:01:53 INFO  tracing is disabled for protocol BSP, to enable tracing of incoming and outgoing JSON messages create an empty file at C:\Users\IAMLOCAL\source\epfl-progfun\scala-project\project\.metals\bsp.trace.json
Feb 24, 2025 12:02:08 AM org.eclipse.lsp4j.jsonrpc.services.GenericEndpoint notify
INFO: Unsupported notification method: $/setTrace
2025.02.24 00:02:13 ERROR Timeout waiting for 'build/initialize' response
2025.02.24 00:02:13 WARN  Retrying connection to the build server Bloop
2025.02.24 00:02:13 INFO  Found a Bloop server running
2025.02.24 00:02:13 INFO  tracing is disabled for protocol BSP, to enable tracing of incoming and outgoing JSON messages create an empty file at C:\Users\IAMLOCAL\source\epfl-progfun\scala-project\project\.metals\bsp.trace.json
Feb 24, 2025 12:02:18 AM org.eclipse.lsp4j.jsonrpc.services.GenericEndpoint notify
INFO: Unsupported notification method: $/setTrace
2025.02.24 00:02:19 WARN  no build target for: C:\Users\IAMLOCAL\source\epfl-progfun\scala-project\src\main\scala\example\example.worksheet.sc
2025.02.24 00:02:19 INFO  time: evaluated worksheet 'example.worksheet.sc' in 0.29s
Feb 24, 2025 12:02:20 AM org.eclipse.lsp4j.jsonrpc.RemoteEndpoint handleCancellation
WARNING: Unmatched cancel notification for request id 10
Feb 24, 2025 12:02:25 AM org.eclipse.lsp4j.jsonrpc.services.GenericEndpoint notify
WARNING: Unsupported notification method: metals/windowStateDidChange
2025.02.24 00:02:34 ERROR Timeout waiting for 'build/initialize' response
2025.02.24 00:02:34 WARN  Retrying connection to the build server Bloop
2025.02.24 00:02:34 INFO  Found a Bloop server running
2025.02.24 00:02:34 INFO  tracing is disabled for protocol BSP, to enable tracing of incoming and outgoing JSON messages create an empty file at C:\Users\IAMLOCAL\source\epfl-progfun\scala-project\project\.metals\bsp.trace.json
2025.02.24 00:02:54 ERROR Timeout waiting for 'build/initialize' response
2025.02.24 00:02:54 WARN  Retrying connection to the build server Bloop
2025.02.24 00:02:54 INFO  Found a Bloop server running
2025.02.24 00:02:54 INFO  tracing is disabled for protocol BSP, to enable tracing of incoming and outgoing JSON messages create an empty file at C:\Users\IAMLOCAL\source\epfl-progfun\scala-project\project\.metals\bsp.trace.json
2025.02.24 00:03:14 ERROR Timeout waiting for 'build/initialize' response
2025.02.24 00:03:14 WARN  Retrying connection to the build server Bloop
2025.02.24 00:03:14 INFO  Found a Bloop server running
2025.02.24 00:03:14 INFO  tracing is disabled for protocol BSP, to enable tracing of incoming and outgoing JSON messages create an empty file at C:\Users\IAMLOCAL\source\epfl-progfun\scala-project\project\.metals\bsp.trace.json
Feb 24, 2025 12:03:25 AM org.eclipse.lsp4j.jsonrpc.services.GenericEndpoint notify
WARNING: Unsupported notification method: metals/windowStateDidChange
2025.02.24 00:03:34 ERROR Timeout waiting for 'build/initialize' response
2025.02.24 00:03:34 ERROR c:\Users\IAMLOCAL\source\epfl-progfun\scala-project\null\ScalaCli\data\bloop
c:\Users\IAMLOCAL\source\epfl-progfun\scala-project\null\ScalaCli\data\bloop
c:\Users\IAMLOCAL\source\epfl-progfun\scala-project\null\ScalaCli\data\bloop
c:\Users\IAMLOCAL\source\epfl-progfun\scala-project\null\ScalaCli\data\bloop
c:\Users\IAMLOCAL\source\epfl-progfun\scala-project\null\ScalaCli\data\bloop
c:\Users\IAMLOCAL\source\epfl-progfun\scala-project\null\ScalaCli\data\bloop
c:\Users\IAMLOCAL\source\epfl-progfun\scala-project\null\ScalaCli\data\bloop
c:\Users\IAMLOCAL\source\epfl-progfun\scala-project\null\ScalaCli\data\bloop
c:\Users\IAMLOCAL\source\epfl-progfun\scala-project\null\ScalaCli\data\bloop
c:\Users\IAMLOCAL\source\epfl-progfun\scala-project\null\ScalaCli\data\bloop
c:\Users\IAMLOCAL\source\epfl-progfun\scala-project\null\ScalaCli\data\bloop
c:\Users\IAMLOCAL\source\epfl-progfun\scala-project\null\ScalaCli\data\bloop
c:\Users\IAMLOCAL\source\epfl-progfun\scala-project\null\ScalaCli\data\bloop
c:\Users\IAMLOCAL\source\epfl-progfun\scala-project\null\ScalaCli\data\bloop

2025.02.24 00:03:34 ERROR Failed to connect with build server, no functionality will work.
java.util.concurrent.TimeoutException
	at java.util.concurrent.CompletableFuture.timedGet(CompletableFuture.java:1960)
	at java.util.concurrent.CompletableFuture.get(CompletableFuture.java:2095)
	at scala.meta.internal.metals.BuildServerConnection$.initialize(BuildServerConnection.scala:755)
	at scala.meta.internal.metals.BuildServerConnection$.$anonfun$fromSockets$1(BuildServerConnection.scala:630)
	at scala.concurrent.impl.Promise$Transformation.run(Promise.scala:467)
	at java.util.concurrent.ThreadPoolExecutor.runWorker(ThreadPoolExecutor.java:1136)
	at java.util.concurrent.ThreadPoolExecutor$Worker.run(ThreadPoolExecutor.java:635)
	at java.lang.Thread.run(Thread.java:840)

2025.02.24 00:03:34 WARN  no build target for: C:\Users\IAMLOCAL\source\epfl-progfun\scala-project\src\main\scala\example\example.worksheet.sc
2025.02.24 00:03:34 INFO  time: evaluated worksheet 'example.worksheet.sc' in 0.28s
2025.02.24 00:03:36 INFO  time: code lens generation in 1.48s
2025.02.24 00:03:36 INFO  time: code lens generation in 1.48s
Feb 24, 2025 12:23:47 AM org.eclipse.lsp4j.jsonrpc.services.GenericEndpoint notify
WARNING: Unsupported notification method: metals/windowStateDidChange
Feb 24, 2025 12:23:48 AM org.eclipse.lsp4j.jsonrpc.services.GenericEndpoint notify
WARNING: Unsupported notification method: metals/windowStateDidChange
Feb 24, 2025 12:24:05 AM org.eclipse.lsp4j.jsonrpc.services.GenericEndpoint notify
WARNING: Unsupported notification method: metals/windowStateDidChange
Feb 24, 2025 12:24:06 AM org.eclipse.lsp4j.jsonrpc.services.GenericEndpoint notify
WARNING: Unsupported notification method: metals/windowStateDidChange
2025.02.24 00:24:07 WARN  no build target for: C:\Users\IAMLOCAL\source\epfl-progfun\scala-project\src\main\scala\example\example.worksheet.sc
2025.02.24 00:24:07 INFO  time: evaluated worksheet 'example.worksheet.sc' in 0.28s
Feb 24, 2025 12:24:09 AM org.eclipse.lsp4j.jsonrpc.services.GenericEndpoint notify
WARNING: Unsupported notification method: metals/windowStateDidChange
Feb 24, 2025 12:24:15 AM org.eclipse.lsp4j.jsonrpc.services.GenericEndpoint notify
WARNING: Unsupported notification method: metals/windowStateDidChange
2025.02.24 00:24:16 WARN  no build target for: C:\Users\IAMLOCAL\source\epfl-progfun\scala-project\src\main\scala\example\example.worksheet.sc
2025.02.24 00:24:17 INFO  time: evaluated worksheet 'example.worksheet.sc' in 0.22s
Feb 24, 2025 12:24:17 AM org.eclipse.lsp4j.jsonrpc.services.GenericEndpoint notify
WARNING: Unsupported notification method: metals/windowStateDidChange
Feb 24, 2025 12:24:20 AM org.eclipse.lsp4j.jsonrpc.services.GenericEndpoint notify
WARNING: Unsupported notification method: metals/windowStateDidChange
2025.02.24 00:24:22 WARN  no build target for: C:\Users\IAMLOCAL\source\epfl-progfun\scala-project\src\main\scala\example\example.worksheet.sc
2025.02.24 00:24:22 INFO  time: evaluated worksheet 'example.worksheet.sc' in 0.16s
Feb 24, 2025 12:24:22 AM org.eclipse.lsp4j.jsonrpc.services.GenericEndpoint notify
WARNING: Unsupported notification method: metals/windowStateDidChange
Feb 24, 2025 12:24:30 AM org.eclipse.lsp4j.jsonrpc.services.GenericEndpoint notify
WARNING: Unsupported notification method: metals/windowStateDidChange
Feb 24, 2025 12:24:32 AM org.eclipse.lsp4j.jsonrpc.services.GenericEndpoint notify
WARNING: Unsupported notification method: metals/windowStateDidChange
Feb 24, 2025 12:24:37 AM org.eclipse.lsp4j.jsonrpc.services.GenericEndpoint notify
WARNING: Unsupported notification method: metals/windowStateDidChange
Feb 24, 2025 12:24:38 AM org.eclipse.lsp4j.jsonrpc.services.GenericEndpoint notify
WARNING: Unsupported notification method: metals/windowStateDidChange
Feb 24, 2025 12:24:50 AM org.eclipse.lsp4j.jsonrpc.services.GenericEndpoint notify
WARNING: Unsupported notification method: metals/windowStateDidChange
Feb 24, 2025 12:24:52 AM org.eclipse.lsp4j.jsonrpc.services.GenericEndpoint notify
WARNING: Unsupported notification method: metals/windowStateDidChange
Feb 24, 2025 12:24:53 AM org.eclipse.lsp4j.jsonrpc.services.GenericEndpoint notify
WARNING: Unsupported notification method: metals/windowStateDidChange
Feb 24, 2025 12:25:08 AM org.eclipse.lsp4j.jsonrpc.services.GenericEndpoint notify
WARNING: Unsupported notification method: metals/windowStateDidChange
Feb 24, 2025 12:25:11 AM org.eclipse.lsp4j.jsonrpc.services.GenericEndpoint notify
WARNING: Unsupported notification method: metals/windowStateDidChange
Feb 24, 2025 12:25:11 AM org.eclipse.lsp4j.jsonrpc.services.GenericEndpoint notify
WARNING: Unsupported notification method: metals/windowStateDidChange
Feb 24, 2025 12:25:19 AM org.eclipse.lsp4j.jsonrpc.services.GenericEndpoint notify
WARNING: Unsupported notification method: metals/windowStateDidChange
Feb 24, 2025 12:25:31 AM org.eclipse.lsp4j.jsonrpc.services.GenericEndpoint notify
WARNING: Unsupported notification method: metals/windowStateDidChange
Feb 24, 2025 12:25:38 AM org.eclipse.lsp4j.jsonrpc.services.GenericEndpoint notify
WARNING: Unsupported notification method: metals/windowStateDidChange
Feb 24, 2025 12:25:40 AM org.eclipse.lsp4j.jsonrpc.services.GenericEndpoint notify
WARNING: Unsupported notification method: metals/windowStateDidChange
Feb 24, 2025 12:25:41 AM org.eclipse.lsp4j.jsonrpc.services.GenericEndpoint notify
WARNING: Unsupported notification method: metals/windowStateDidChange
Feb 24, 2025 12:25:43 AM org.eclipse.lsp4j.jsonrpc.services.GenericEndpoint notify
WARNING: Unsupported notification method: metals/windowStateDidChange
Feb 24, 2025 12:25:44 AM org.eclipse.lsp4j.jsonrpc.services.GenericEndpoint notify
WARNING: Unsupported notification method: metals/windowStateDidChange
Feb 24, 2025 12:25:44 AM org.eclipse.lsp4j.jsonrpc.services.GenericEndpoint notify
WARNING: Unsupported notification method: metals/windowStateDidChange
Feb 24, 2025 12:25:47 AM org.eclipse.lsp4j.jsonrpc.services.GenericEndpoint notify
WARNING: Unsupported notification method: metals/windowStateDidChange
Feb 24, 2025 12:25:48 AM org.eclipse.lsp4j.jsonrpc.services.GenericEndpoint notify
WARNING: Unsupported notification method: metals/windowStateDidChange
Feb 24, 2025 12:25:51 AM org.eclipse.lsp4j.jsonrpc.services.GenericEndpoint notify
WARNING: Unsupported notification method: metals/windowStateDidChange
2025.02.24 00:25:56 WARN  no build target for: C:\Users\IAMLOCAL\source\epfl-progfun\scala-project\src\main\scala\example\example.worksheet.sc
2025.02.24 00:25:56 INFO  time: evaluated worksheet 'example.worksheet.sc' in 0.19s
Feb 24, 2025 12:26:02 AM org.eclipse.lsp4j.jsonrpc.services.GenericEndpoint notify
WARNING: Unsupported notification method: metals/windowStateDidChange
Feb 24, 2025 12:26:06 AM org.eclipse.lsp4j.jsonrpc.services.GenericEndpoint notify
INFO: Unsupported notification method: $/setTrace
Feb 24, 2025 12:26:46 AM org.eclipse.lsp4j.jsonrpc.services.GenericEndpoint notify
WARNING: Unsupported notification method: metals/windowStateDidChange
Feb 24, 2025 1:42:56 AM org.eclipse.lsp4j.jsonrpc.services.GenericEndpoint notify
WARNING: Unsupported notification method: metals/windowStateDidChange
Feb 24, 2025 1:42:57 AM org.eclipse.lsp4j.jsonrpc.services.GenericEndpoint notify
WARNING: Unsupported notification method: metals/windowStateDidChange
Feb 24, 2025 1:43:03 AM org.eclipse.lsp4j.jsonrpc.services.GenericEndpoint notify
WARNING: Unsupported notification method: metals/windowStateDidChange
Feb 24, 2025 1:43:06 AM org.eclipse.lsp4j.jsonrpc.services.GenericEndpoint notify
WARNING: Unsupported notification method: metals/windowStateDidChange
Feb 24, 2025 1:43:16 AM org.eclipse.lsp4j.jsonrpc.services.GenericEndpoint notify
WARNING: Unsupported notification method: metals/windowStateDidChange
Feb 24, 2025 1:43:17 AM org.eclipse.lsp4j.jsonrpc.services.GenericEndpoint notify
WARNING: Unsupported notification method: metals/windowStateDidChange
Feb 24, 2025 1:43:23 AM org.eclipse.lsp4j.jsonrpc.services.GenericEndpoint notify
WARNING: Unsupported notification method: metals/windowStateDidChange
Feb 24, 2025 1:43:26 AM org.eclipse.lsp4j.jsonrpc.services.GenericEndpoint notify
WARNING: Unsupported notification method: metals/windowStateDidChange
Feb 24, 2025 1:43:30 AM org.eclipse.lsp4j.jsonrpc.services.GenericEndpoint notify
WARNING: Unsupported notification method: metals/windowStateDidChange
Feb 24, 2025 1:43:31 AM org.eclipse.lsp4j.jsonrpc.services.GenericEndpoint notify
WARNING: Unsupported notification method: metals/windowStateDidChange
Feb 24, 2025 1:43:32 AM org.eclipse.lsp4j.jsonrpc.services.GenericEndpoint notify
WARNING: Unsupported notification method: metals/windowStateDidChange
Feb 24, 2025 1:43:33 AM org.eclipse.lsp4j.jsonrpc.services.GenericEndpoint notify
WARNING: Unsupported notification method: metals/windowStateDidChange
Feb 24, 2025 1:43:35 AM org.eclipse.lsp4j.jsonrpc.services.GenericEndpoint notify
WARNING: Unsupported notification method: metals/windowStateDidChange
Feb 24, 2025 1:43:35 AM org.eclipse.lsp4j.jsonrpc.services.GenericEndpoint notify
WARNING: Unsupported notification method: metals/windowStateDidChange
Feb 24, 2025 1:43:40 AM org.eclipse.lsp4j.jsonrpc.services.GenericEndpoint notify
WARNING: Unsupported notification method: metals/windowStateDidChange
Feb 24, 2025 1:43:41 AM org.eclipse.lsp4j.jsonrpc.services.GenericEndpoint notify
WARNING: Unsupported notification method: metals/windowStateDidChange
Feb 24, 2025 1:43:45 AM org.eclipse.lsp4j.jsonrpc.services.GenericEndpoint notify
WARNING: Unsupported notification method: metals/windowStateDidChange
Feb 24, 2025 1:43:49 AM org.eclipse.lsp4j.jsonrpc.services.GenericEndpoint notify
WARNING: Unsupported notification method: metals/windowStateDidChange
Feb 24, 2025 1:43:54 AM org.eclipse.lsp4j.jsonrpc.services.GenericEndpoint notify
WARNING: Unsupported notification method: metals/windowStateDidChange
Feb 24, 2025 1:44:37 AM org.eclipse.lsp4j.jsonrpc.services.GenericEndpoint notify
WARNING: Unsupported notification method: metals/windowStateDidChange
Feb 24, 2025 1:48:32 AM org.eclipse.lsp4j.jsonrpc.services.GenericEndpoint notify
WARNING: Unsupported notification method: metals/windowStateDidChange
Feb 24, 2025 1:48:33 AM org.eclipse.lsp4j.jsonrpc.services.GenericEndpoint notify
WARNING: Unsupported notification method: metals/windowStateDidChange
Feb 24, 2025 1:48:37 AM org.eclipse.lsp4j.jsonrpc.services.GenericEndpoint notify
WARNING: Unsupported notification method: metals/windowStateDidChange
Feb 24, 2025 1:49:43 AM org.eclipse.lsp4j.jsonrpc.services.GenericEndpoint notify
WARNING: Unsupported notification method: metals/windowStateDidChange
Feb 24, 2025 2:01:54 AM org.eclipse.lsp4j.jsonrpc.services.GenericEndpoint notify
INFO: Unsupported notification method: $/setTrace
Feb 24, 2025 2:03:30 AM org.eclipse.lsp4j.jsonrpc.services.GenericEndpoint notify
WARNING: Unsupported notification method: metals/windowStateDidChange
2025.02.24 02:03:32 INFO  Shutting down server
2025.02.24 02:03:32 INFO  shutting down Metals
2025.02.24 02:03:32 INFO  Exiting server
